Incorrect username and password for user (Teague)
Incorrect username and password for user (Teague)
Incorrect username and password for user (Teague4)
Incorrect username and password for user (Teague4)
Incorrect username and password for user (Teague4)
Incorrect username and password for user (Teague5)
Incorrect email and password for user (None)
Incorrect email and password for user (None)
Incorrect email and password for user (xiaopeiqing@gmail.com)
Incorrect username and password for user (123123)
Incorrect username and password for user (123123)
Incorrect username and password for user (Teague)
Incorrect username and password for user (423)
Incorrect username and password for user (Teague)
Incorrect username and password for user (124)
Incorrect username and password for user (Teague)
Incorrect username and password for user (Teague)
Incorrect username and password for user (evalam)
Incorrect username and password for user (evalam)
Incorrect username and password for user (h)
Incorrect username and password for user (conglang)
